CRITICAL - 2021-01-26 23:37:34 --> Interface 'CodeIgniter\HTTP\FilterInterface' not found
#0 /Users/milerdev/Desktop/ci_login/vendor/codeigniter4/framework/system/Autoloader/Autoloader.php(365): require_once()
#1 /Users/milerdev/Desktop/ci_login/vendor/codeigniter4/framework/system/Autoloader/Autoloader.php(296): CodeIgniter\Autoloader\Autoloader->requireFile('/Users/milerdev...')
#2 /Users/milerdev/Desktop/ci_login/vendor/codeigniter4/framework/system/Autoloader/Autoloader.php(258): CodeIgniter\Autoloader\Autoloader->loadInNamespace('App\\Filters\\Aut...')
#3 [internal function]: CodeIgniter\Autoloader\Autoloader->loadClass('App\\Filters\\Aut...')
#4 /Users/milerdev/Desktop/ci_login/vendor/codeigniter4/framework/system/Filters/Filters.php(164): spl_autoload_call('App\\Filters\\Aut...')
#5 /Users/milerdev/Desktop/ci_login/vendor/codeigniter4/framework/system/CodeIgniter.php(382): CodeIgniter\Filters\Filters->run('dashboard', 'before')
#6 /Users/milerdev/Desktop/ci_login/vendor/codeigniter4/framework/system/CodeIgniter.php(312): CodeIgniter\CodeIgniter->handleRequest(NULL, Object(Config\Cache), false)
#7 /Users/milerdev/Desktop/ci_login/public/index.php(45): CodeIgniter\CodeIgniter->run()
#8 /Users/milerdev/Desktop/ci_login/vendor/codeigniter4/framework/system/Commands/Server/rewrite.php(34): require_once('/Users/milerdev...')
#9 {main}
CRITICAL - 2021-01-26 23:37:35 --> Interface 'CodeIgniter\HTTP\FilterInterface' not found
#0 /Users/milerdev/Desktop/ci_login/vendor/codeigniter4/framework/system/Autoloader/Autoloader.php(365): require_once()
#1 /Users/milerdev/Desktop/ci_login/vendor/codeigniter4/framework/system/Autoloader/Autoloader.php(296): CodeIgniter\Autoloader\Autoloader->requireFile('/Users/milerdev...')
#2 /Users/milerdev/Desktop/ci_login/vendor/codeigniter4/framework/system/Autoloader/Autoloader.php(258): CodeIgniter\Autoloader\Autoloader->loadInNamespace('App\\Filters\\Aut...')
#3 [internal function]: CodeIgniter\Autoloader\Autoloader->loadClass('App\\Filters\\Aut...')
#4 /Users/milerdev/Desktop/ci_login/vendor/codeigniter4/framework/system/Filters/Filters.php(164): spl_autoload_call('App\\Filters\\Aut...')
#5 /Users/milerdev/Desktop/ci_login/vendor/codeigniter4/framework/system/CodeIgniter.php(382): CodeIgniter\Filters\Filters->run('dashboard', 'before')
#6 /Users/milerdev/Desktop/ci_login/vendor/codeigniter4/framework/system/CodeIgniter.php(312): CodeIgniter\CodeIgniter->handleRequest(NULL, Object(Config\Cache), false)
#7 /Users/milerdev/Desktop/ci_login/public/index.php(45): CodeIgniter\CodeIgniter->run()
#8 /Users/milerdev/Desktop/ci_login/vendor/codeigniter4/framework/system/Commands/Server/rewrite.php(34): require_once('/Users/milerdev...')
#9 {main}
CRITICAL - 2021-01-26 23:37:35 --> Interface 'CodeIgniter\HTTP\FilterInterface' not found
#0 /Users/milerdev/Desktop/ci_login/vendor/codeigniter4/framework/system/Autoloader/Autoloader.php(365): require_once()
#1 /Users/milerdev/Desktop/ci_login/vendor/codeigniter4/framework/system/Autoloader/Autoloader.php(296): CodeIgniter\Autoloader\Autoloader->requireFile('/Users/milerdev...')
#2 /Users/milerdev/Desktop/ci_login/vendor/codeigniter4/framework/system/Autoloader/Autoloader.php(258): CodeIgniter\Autoloader\Autoloader->loadInNamespace('App\\Filters\\Aut...')
#3 [internal function]: CodeIgniter\Autoloader\Autoloader->loadClass('App\\Filters\\Aut...')
#4 /Users/milerdev/Desktop/ci_login/vendor/codeigniter4/framework/system/Filters/Filters.php(164): spl_autoload_call('App\\Filters\\Aut...')
#5 /Users/milerdev/Desktop/ci_login/vendor/codeigniter4/framework/system/CodeIgniter.php(382): CodeIgniter\Filters\Filters->run('dashboard', 'before')
#6 /Users/milerdev/Desktop/ci_login/vendor/codeigniter4/framework/system/CodeIgniter.php(312): CodeIgniter\CodeIgniter->handleRequest(NULL, Object(Config\Cache), false)
#7 /Users/milerdev/Desktop/ci_login/public/index.php(45): CodeIgniter\CodeIgniter->run()
#8 /Users/milerdev/Desktop/ci_login/vendor/codeigniter4/framework/system/Commands/Server/rewrite.php(34): require_once('/Users/milerdev...')
#9 {main}
CRITICAL - 2021-01-26 23:37:37 --> Interface 'CodeIgniter\HTTP\FilterInterface' not found
#0 /Users/milerdev/Desktop/ci_login/vendor/codeigniter4/framework/system/Autoloader/Autoloader.php(365): require_once()
#1 /Users/milerdev/Desktop/ci_login/vendor/codeigniter4/framework/system/Autoloader/Autoloader.php(296): CodeIgniter\Autoloader\Autoloader->requireFile('/Users/milerdev...')
#2 /Users/milerdev/Desktop/ci_login/vendor/codeigniter4/framework/system/Autoloader/Autoloader.php(258): CodeIgniter\Autoloader\Autoloader->loadInNamespace('App\\Filters\\Aut...')
#3 [internal function]: CodeIgniter\Autoloader\Autoloader->loadClass('App\\Filters\\Aut...')
#4 /Users/milerdev/Desktop/ci_login/vendor/codeigniter4/framework/system/Filters/Filters.php(164): spl_autoload_call('App\\Filters\\Aut...')
#5 /Users/milerdev/Desktop/ci_login/vendor/codeigniter4/framework/system/CodeIgniter.php(382): CodeIgniter\Filters\Filters->run('dashboard', 'before')
#6 /Users/milerdev/Desktop/ci_login/vendor/codeigniter4/framework/system/CodeIgniter.php(312): CodeIgniter\CodeIgniter->handleRequest(NULL, Object(Config\Cache), false)
#7 /Users/milerdev/Desktop/ci_login/public/index.php(45): CodeIgniter\CodeIgniter->run()
#8 /Users/milerdev/Desktop/ci_login/vendor/codeigniter4/framework/system/Commands/Server/rewrite.php(34): require_once('/Users/milerdev...')
#9 {main}
CRITICAL - 2021-01-26 23:37:51 --> Interface 'CodeIgniter\HTTP\FilterInterface' not found
#0 /Users/milerdev/Desktop/ci_login/vendor/codeigniter4/framework/system/Autoloader/Autoloader.php(365): require_once()
#1 /Users/milerdev/Desktop/ci_login/vendor/codeigniter4/framework/system/Autoloader/Autoloader.php(296): CodeIgniter\Autoloader\Autoloader->requireFile('/Users/milerdev...')
#2 /Users/milerdev/Desktop/ci_login/vendor/codeigniter4/framework/system/Autoloader/Autoloader.php(258): CodeIgniter\Autoloader\Autoloader->loadInNamespace('App\\Filters\\Aut...')
#3 [internal function]: CodeIgniter\Autoloader\Autoloader->loadClass('App\\Filters\\Aut...')
#4 /Users/milerdev/Desktop/ci_login/vendor/codeigniter4/framework/system/Filters/Filters.php(164): spl_autoload_call('App\\Filters\\Aut...')
#5 /Users/milerdev/Desktop/ci_login/vendor/codeigniter4/framework/system/CodeIgniter.php(382): CodeIgniter\Filters\Filters->run('dashboard', 'before')
#6 /Users/milerdev/Desktop/ci_login/vendor/codeigniter4/framework/system/CodeIgniter.php(312): CodeIgniter\CodeIgniter->handleRequest(NULL, Object(Config\Cache), false)
#7 /Users/milerdev/Desktop/ci_login/public/index.php(45): CodeIgniter\CodeIgniter->run()
#8 /Users/milerdev/Desktop/ci_login/vendor/codeigniter4/framework/system/Commands/Server/rewrite.php(34): require_once('/Users/milerdev...')
#9 {main}
CRITICAL - 2021-01-26 23:38:08 --> Interface 'CodeIgniter\HTTP\FilterInterface' not found
#0 /Users/milerdev/Desktop/ci_login/vendor/codeigniter4/framework/system/Autoloader/Autoloader.php(365): require_once()
#1 /Users/milerdev/Desktop/ci_login/vendor/codeigniter4/framework/system/Autoloader/Autoloader.php(296): CodeIgniter\Autoloader\Autoloader->requireFile('/Users/milerdev...')
#2 /Users/milerdev/Desktop/ci_login/vendor/codeigniter4/framework/system/Autoloader/Autoloader.php(258): CodeIgniter\Autoloader\Autoloader->loadInNamespace('App\\Filters\\Aut...')
#3 [internal function]: CodeIgniter\Autoloader\Autoloader->loadClass('App\\Filters\\Aut...')
#4 /Users/milerdev/Desktop/ci_login/vendor/codeigniter4/framework/system/Filters/Filters.php(164): spl_autoload_call('App\\Filters\\Aut...')
#5 /Users/milerdev/Desktop/ci_login/vendor/codeigniter4/framework/system/CodeIgniter.php(382): CodeIgniter\Filters\Filters->run('dashboard', 'before')
#6 /Users/milerdev/Desktop/ci_login/vendor/codeigniter4/framework/system/CodeIgniter.php(312): CodeIgniter\CodeIgniter->handleRequest(NULL, Object(Config\Cache), false)
#7 /Users/milerdev/Desktop/ci_login/public/index.php(45): CodeIgniter\CodeIgniter->run()
#8 /Users/milerdev/Desktop/ci_login/vendor/codeigniter4/framework/system/Commands/Server/rewrite.php(34): require_once('/Users/milerdev...')
#9 {main}
CRITICAL - 2021-01-26 23:38:09 --> Interface 'CodeIgniter\HTTP\FilterInterface' not found
#0 /Users/milerdev/Desktop/ci_login/vendor/codeigniter4/framework/system/Autoloader/Autoloader.php(365): require_once()
#1 /Users/milerdev/Desktop/ci_login/vendor/codeigniter4/framework/system/Autoloader/Autoloader.php(296): CodeIgniter\Autoloader\Autoloader->requireFile('/Users/milerdev...')
#2 /Users/milerdev/Desktop/ci_login/vendor/codeigniter4/framework/system/Autoloader/Autoloader.php(258): CodeIgniter\Autoloader\Autoloader->loadInNamespace('App\\Filters\\Aut...')
#3 [internal function]: CodeIgniter\Autoloader\Autoloader->loadClass('App\\Filters\\Aut...')
#4 /Users/milerdev/Desktop/ci_login/vendor/codeigniter4/framework/system/Filters/Filters.php(164): spl_autoload_call('App\\Filters\\Aut...')
#5 /Users/milerdev/Desktop/ci_login/vendor/codeigniter4/framework/system/CodeIgniter.php(382): CodeIgniter\Filters\Filters->run('dashboard', 'before')
#6 /Users/milerdev/Desktop/ci_login/vendor/codeigniter4/framework/system/CodeIgniter.php(312): CodeIgniter\CodeIgniter->handleRequest(NULL, Object(Config\Cache), false)
#7 /Users/milerdev/Desktop/ci_login/public/index.php(45): CodeIgniter\CodeIgniter->run()
#8 /Users/milerdev/Desktop/ci_login/vendor/codeigniter4/framework/system/Commands/Server/rewrite.php(34): require_once('/Users/milerdev...')
#9 {main}
CRITICAL - 2021-01-26 23:38:09 --> Interface 'CodeIgniter\HTTP\FilterInterface' not found
#0 /Users/milerdev/Desktop/ci_login/vendor/codeigniter4/framework/system/Autoloader/Autoloader.php(365): require_once()
#1 /Users/milerdev/Desktop/ci_login/vendor/codeigniter4/framework/system/Autoloader/Autoloader.php(296): CodeIgniter\Autoloader\Autoloader->requireFile('/Users/milerdev...')
#2 /Users/milerdev/Desktop/ci_login/vendor/codeigniter4/framework/system/Autoloader/Autoloader.php(258): CodeIgniter\Autoloader\Autoloader->loadInNamespace('App\\Filters\\Aut...')
#3 [internal function]: CodeIgniter\Autoloader\Autoloader->loadClass('App\\Filters\\Aut...')
#4 /Users/milerdev/Desktop/ci_login/vendor/codeigniter4/framework/system/Filters/Filters.php(164): spl_autoload_call('App\\Filters\\Aut...')
#5 /Users/milerdev/Desktop/ci_login/vendor/codeigniter4/framework/system/CodeIgniter.php(382): CodeIgniter\Filters\Filters->run('dashboard', 'before')
#6 /Users/milerdev/Desktop/ci_login/vendor/codeigniter4/framework/system/CodeIgniter.php(312): CodeIgniter\CodeIgniter->handleRequest(NULL, Object(Config\Cache), false)
#7 /Users/milerdev/Desktop/ci_login/public/index.php(45): CodeIgniter\CodeIgniter->run()
#8 /Users/milerdev/Desktop/ci_login/vendor/codeigniter4/framework/system/Commands/Server/rewrite.php(34): require_once('/Users/milerdev...')
#9 {main}
CRITICAL - 2021-01-26 23:38:46 --> Interface 'CodeIgniter\HTTP\FilterInterface' not found
#0 /Users/milerdev/Desktop/ci_login/vendor/codeigniter4/framework/system/Autoloader/Autoloader.php(365): require_once()
#1 /Users/milerdev/Desktop/ci_login/vendor/codeigniter4/framework/system/Autoloader/Autoloader.php(296): CodeIgniter\Autoloader\Autoloader->requireFile('/Users/milerdev...')
#2 /Users/milerdev/Desktop/ci_login/vendor/codeigniter4/framework/system/Autoloader/Autoloader.php(258): CodeIgniter\Autoloader\Autoloader->loadInNamespace('App\\Filters\\Aut...')
#3 [internal function]: CodeIgniter\Autoloader\Autoloader->loadClass('App\\Filters\\Aut...')
#4 /Users/milerdev/Desktop/ci_login/vendor/codeigniter4/framework/system/Filters/Filters.php(164): spl_autoload_call('App\\Filters\\Aut...')
#5 /Users/milerdev/Desktop/ci_login/vendor/codeigniter4/framework/system/CodeIgniter.php(382): CodeIgniter\Filters\Filters->run('dashboard', 'before')
#6 /Users/milerdev/Desktop/ci_login/vendor/codeigniter4/framework/system/CodeIgniter.php(312): CodeIgniter\CodeIgniter->handleRequest(NULL, Object(Config\Cache), false)
#7 /Users/milerdev/Desktop/ci_login/public/index.php(45): CodeIgniter\CodeIgniter->run()
#8 /Users/milerdev/Desktop/ci_login/vendor/codeigniter4/framework/system/Commands/Server/rewrite.php(34): require_once('/Users/milerdev...')
#9 {main}
CRITICAL - 2021-01-26 23:38:46 --> Interface 'CodeIgniter\HTTP\FilterInterface' not found
#0 /Users/milerdev/Desktop/ci_login/vendor/codeigniter4/framework/system/Autoloader/Autoloader.php(365): require_once()
#1 /Users/milerdev/Desktop/ci_login/vendor/codeigniter4/framework/system/Autoloader/Autoloader.php(296): CodeIgniter\Autoloader\Autoloader->requireFile('/Users/milerdev...')
#2 /Users/milerdev/Desktop/ci_login/vendor/codeigniter4/framework/system/Autoloader/Autoloader.php(258): CodeIgniter\Autoloader\Autoloader->loadInNamespace('App\\Filters\\Aut...')
#3 [internal function]: CodeIgniter\Autoloader\Autoloader->loadClass('App\\Filters\\Aut...')
#4 /Users/milerdev/Desktop/ci_login/vendor/codeigniter4/framework/system/Filters/Filters.php(164): spl_autoload_call('App\\Filters\\Aut...')
#5 /Users/milerdev/Desktop/ci_login/vendor/codeigniter4/framework/system/CodeIgniter.php(382): CodeIgniter\Filters\Filters->run('dashboard', 'before')
#6 /Users/milerdev/Desktop/ci_login/vendor/codeigniter4/framework/system/CodeIgniter.php(312): CodeIgniter\CodeIgniter->handleRequest(NULL, Object(Config\Cache), false)
#7 /Users/milerdev/Desktop/ci_login/public/index.php(45): CodeIgniter\CodeIgniter->run()
#8 /Users/milerdev/Desktop/ci_login/vendor/codeigniter4/framework/system/Commands/Server/rewrite.php(34): require_once('/Users/milerdev...')
#9 {main}
CRITICAL - 2021-01-26 23:38:46 --> Interface 'CodeIgniter\HTTP\FilterInterface' not found
#0 /Users/milerdev/Desktop/ci_login/vendor/codeigniter4/framework/system/Autoloader/Autoloader.php(365): require_once()
#1 /Users/milerdev/Desktop/ci_login/vendor/codeigniter4/framework/system/Autoloader/Autoloader.php(296): CodeIgniter\Autoloader\Autoloader->requireFile('/Users/milerdev...')
#2 /Users/milerdev/Desktop/ci_login/vendor/codeigniter4/framework/system/Autoloader/Autoloader.php(258): CodeIgniter\Autoloader\Autoloader->loadInNamespace('App\\Filters\\Aut...')
#3 [internal function]: CodeIgniter\Autoloader\Autoloader->loadClass('App\\Filters\\Aut...')
#4 /Users/milerdev/Desktop/ci_login/vendor/codeigniter4/framework/system/Filters/Filters.php(164): spl_autoload_call('App\\Filters\\Aut...')
#5 /Users/milerdev/Desktop/ci_login/vendor/codeigniter4/framework/system/CodeIgniter.php(382): CodeIgniter\Filters\Filters->run('dashboard', 'before')
#6 /Users/milerdev/Desktop/ci_login/vendor/codeigniter4/framework/system/CodeIgniter.php(312): CodeIgniter\CodeIgniter->handleRequest(NULL, Object(Config\Cache), false)
#7 /Users/milerdev/Desktop/ci_login/public/index.php(45): CodeIgniter\CodeIgniter->run()
#8 /Users/milerdev/Desktop/ci_login/vendor/codeigniter4/framework/system/Commands/Server/rewrite.php(34): require_once('/Users/milerdev...')
#9 {main}
CRITICAL - 2021-01-26 23:38:46 --> Interface 'CodeIgniter\HTTP\FilterInterface' not found
#0 /Users/milerdev/Desktop/ci_login/vendor/codeigniter4/framework/system/Autoloader/Autoloader.php(365): require_once()
#1 /Users/milerdev/Desktop/ci_login/vendor/codeigniter4/framework/system/Autoloader/Autoloader.php(296): CodeIgniter\Autoloader\Autoloader->requireFile('/Users/milerdev...')
#2 /Users/milerdev/Desktop/ci_login/vendor/codeigniter4/framework/system/Autoloader/Autoloader.php(258): CodeIgniter\Autoloader\Autoloader->loadInNamespace('App\\Filters\\Aut...')
#3 [internal function]: CodeIgniter\Autoloader\Autoloader->loadClass('App\\Filters\\Aut...')
#4 /Users/milerdev/Desktop/ci_login/vendor/codeigniter4/framework/system/Filters/Filters.php(164): spl_autoload_call('App\\Filters\\Aut...')
#5 /Users/milerdev/Desktop/ci_login/vendor/codeigniter4/framework/system/CodeIgniter.php(382): CodeIgniter\Filters\Filters->run('dashboard', 'before')
#6 /Users/milerdev/Desktop/ci_login/vendor/codeigniter4/framework/system/CodeIgniter.php(312): CodeIgniter\CodeIgniter->handleRequest(NULL, Object(Config\Cache), false)
#7 /Users/milerdev/Desktop/ci_login/public/index.php(45): CodeIgniter\CodeIgniter->run()
#8 /Users/milerdev/Desktop/ci_login/vendor/codeigniter4/framework/system/Commands/Server/rewrite.php(34): require_once('/Users/milerdev...')
#9 {main}
CRITICAL - 2021-01-26 23:38:56 --> Interface 'CodeIgniter\HTTP\FilterInterface' not found
#0 /Users/milerdev/Desktop/ci_login/vendor/codeigniter4/framework/system/Autoloader/Autoloader.php(365): require_once()
#1 /Users/milerdev/Desktop/ci_login/vendor/codeigniter4/framework/system/Autoloader/Autoloader.php(296): CodeIgniter\Autoloader\Autoloader->requireFile('/Users/milerdev...')
#2 /Users/milerdev/Desktop/ci_login/vendor/codeigniter4/framework/system/Autoloader/Autoloader.php(258): CodeIgniter\Autoloader\Autoloader->loadInNamespace('App\\Filters\\Aut...')
#3 [internal function]: CodeIgniter\Autoloader\Autoloader->loadClass('App\\Filters\\Aut...')
#4 /Users/milerdev/Desktop/ci_login/vendor/codeigniter4/framework/system/Filters/Filters.php(164): spl_autoload_call('App\\Filters\\Aut...')
#5 /Users/milerdev/Desktop/ci_login/vendor/codeigniter4/framework/system/CodeIgniter.php(382): CodeIgniter\Filters\Filters->run('dashboard', 'before')
#6 /Users/milerdev/Desktop/ci_login/vendor/codeigniter4/framework/system/CodeIgniter.php(312): CodeIgniter\CodeIgniter->handleRequest(NULL, Object(Config\Cache), false)
#7 /Users/milerdev/Desktop/ci_login/public/index.php(45): CodeIgniter\CodeIgniter->run()
#8 /Users/milerdev/Desktop/ci_login/vendor/codeigniter4/framework/system/Commands/Server/rewrite.php(34): require_once('/Users/milerdev...')
#9 {main}
CRITICAL - 2021-01-26 23:40:52 --> Interface 'CodeIgniter\HTTP\FilterInterface' not found
#0 /Users/milerdev/Desktop/ci_login/vendor/codeigniter4/framework/system/Autoloader/Autoloader.php(365): require_once()
#1 /Users/milerdev/Desktop/ci_login/vendor/codeigniter4/framework/system/Autoloader/Autoloader.php(296): CodeIgniter\Autoloader\Autoloader->requireFile('/Users/milerdev...')
#2 /Users/milerdev/Desktop/ci_login/vendor/codeigniter4/framework/system/Autoloader/Autoloader.php(258): CodeIgniter\Autoloader\Autoloader->loadInNamespace('App\\Filters\\Aut...')
#3 [internal function]: CodeIgniter\Autoloader\Autoloader->loadClass('App\\Filters\\Aut...')
#4 /Users/milerdev/Desktop/ci_login/vendor/codeigniter4/framework/system/Filters/Filters.php(164): spl_autoload_call('App\\Filters\\Aut...')
#5 /Users/milerdev/Desktop/ci_login/vendor/codeigniter4/framework/system/CodeIgniter.php(382): CodeIgniter\Filters\Filters->run('dashboard', 'before')
#6 /Users/milerdev/Desktop/ci_login/vendor/codeigniter4/framework/system/CodeIgniter.php(312): CodeIgniter\CodeIgniter->handleRequest(NULL, Object(Config\Cache), false)
#7 /Users/milerdev/Desktop/ci_login/public/index.php(45): CodeIgniter\CodeIgniter->run()
#8 /Users/milerdev/Desktop/ci_login/vendor/codeigniter4/framework/system/Commands/Server/rewrite.php(34): require_once('/Users/milerdev...')
#9 {main}
CRITICAL - 2021-01-26 23:43:20 --> Interface 'CodeIgniter\HTTP\FilterInterface' not found
#0 /Users/milerdev/Desktop/ci_login/vendor/codeigniter4/framework/system/Autoloader/Autoloader.php(365): require_once()
#1 /Users/milerdev/Desktop/ci_login/vendor/codeigniter4/framework/system/Autoloader/Autoloader.php(296): CodeIgniter\Autoloader\Autoloader->requireFile('/Users/milerdev...')
#2 /Users/milerdev/Desktop/ci_login/vendor/codeigniter4/framework/system/Autoloader/Autoloader.php(258): CodeIgniter\Autoloader\Autoloader->loadInNamespace('App\\Filters\\Aut...')
#3 [internal function]: CodeIgniter\Autoloader\Autoloader->loadClass('App\\Filters\\Aut...')
#4 /Users/milerdev/Desktop/ci_login/vendor/codeigniter4/framework/system/Filters/Filters.php(164): spl_autoload_call('App\\Filters\\Aut...')
#5 /Users/milerdev/Desktop/ci_login/vendor/codeigniter4/framework/system/CodeIgniter.php(382): CodeIgniter\Filters\Filters->run('dashboard', 'before')
#6 /Users/milerdev/Desktop/ci_login/vendor/codeigniter4/framework/system/CodeIgniter.php(312): CodeIgniter\CodeIgniter->handleRequest(NULL, Object(Config\Cache), false)
#7 /Users/milerdev/Desktop/ci_login/public/index.php(45): CodeIgniter\CodeIgniter->run()
#8 /Users/milerdev/Desktop/ci_login/vendor/codeigniter4/framework/system/Commands/Server/rewrite.php(34): require_once('/Users/milerdev...')
#9 {main}
CRITICAL - 2021-01-26 23:43:23 --> Interface 'CodeIgniter\HTTP\FilterInterface' not found
#0 /Users/milerdev/Desktop/ci_login/vendor/codeigniter4/framework/system/Autoloader/Autoloader.php(365): require_once()
#1 /Users/milerdev/Desktop/ci_login/vendor/codeigniter4/framework/system/Autoloader/Autoloader.php(296): CodeIgniter\Autoloader\Autoloader->requireFile('/Users/milerdev...')
#2 /Users/milerdev/Desktop/ci_login/vendor/codeigniter4/framework/system/Autoloader/Autoloader.php(258): CodeIgniter\Autoloader\Autoloader->loadInNamespace('App\\Filters\\Aut...')
#3 [internal function]: CodeIgniter\Autoloader\Autoloader->loadClass('App\\Filters\\Aut...')
#4 /Users/milerdev/Desktop/ci_login/vendor/codeigniter4/framework/system/Filters/Filters.php(164): spl_autoload_call('App\\Filters\\Aut...')
#5 /Users/milerdev/Desktop/ci_login/vendor/codeigniter4/framework/system/CodeIgniter.php(382): CodeIgniter\Filters\Filters->run('dashboard', 'before')
#6 /Users/milerdev/Desktop/ci_login/vendor/codeigniter4/framework/system/CodeIgniter.php(312): CodeIgniter\CodeIgniter->handleRequest(NULL, Object(Config\Cache), false)
#7 /Users/milerdev/Desktop/ci_login/public/index.php(45): CodeIgniter\CodeIgniter->run()
#8 /Users/milerdev/Desktop/ci_login/vendor/codeigniter4/framework/system/Commands/Server/rewrite.php(34): require_once('/Users/milerdev...')
#9 {main}
CRITICAL - 2021-01-26 23:43:24 --> Interface 'CodeIgniter\HTTP\FilterInterface' not found
#0 /Users/milerdev/Desktop/ci_login/vendor/codeigniter4/framework/system/Autoloader/Autoloader.php(365): require_once()
#1 /Users/milerdev/Desktop/ci_login/vendor/codeigniter4/framework/system/Autoloader/Autoloader.php(296): CodeIgniter\Autoloader\Autoloader->requireFile('/Users/milerdev...')
#2 /Users/milerdev/Desktop/ci_login/vendor/codeigniter4/framework/system/Autoloader/Autoloader.php(258): CodeIgniter\Autoloader\Autoloader->loadInNamespace('App\\Filters\\Aut...')
#3 [internal function]: CodeIgniter\Autoloader\Autoloader->loadClass('App\\Filters\\Aut...')
#4 /Users/milerdev/Desktop/ci_login/vendor/codeigniter4/framework/system/Filters/Filters.php(164): spl_autoload_call('App\\Filters\\Aut...')
#5 /Users/milerdev/Desktop/ci_login/vendor/codeigniter4/framework/system/CodeIgniter.php(382): CodeIgniter\Filters\Filters->run('dashboard', 'before')
#6 /Users/milerdev/Desktop/ci_login/vendor/codeigniter4/framework/system/CodeIgniter.php(312): CodeIgniter\CodeIgniter->handleRequest(NULL, Object(Config\Cache), false)
#7 /Users/milerdev/Desktop/ci_login/public/index.php(45): CodeIgniter\CodeIgniter->run()
#8 /Users/milerdev/Desktop/ci_login/vendor/codeigniter4/framework/system/Commands/Server/rewrite.php(34): require_once('/Users/milerdev...')
#9 {main}
CRITICAL - 2021-01-26 23:43:24 --> Interface 'CodeIgniter\HTTP\FilterInterface' not found
#0 /Users/milerdev/Desktop/ci_login/vendor/codeigniter4/framework/system/Autoloader/Autoloader.php(365): require_once()
#1 /Users/milerdev/Desktop/ci_login/vendor/codeigniter4/framework/system/Autoloader/Autoloader.php(296): CodeIgniter\Autoloader\Autoloader->requireFile('/Users/milerdev...')
#2 /Users/milerdev/Desktop/ci_login/vendor/codeigniter4/framework/system/Autoloader/Autoloader.php(258): CodeIgniter\Autoloader\Autoloader->loadInNamespace('App\\Filters\\Aut...')
#3 [internal function]: CodeIgniter\Autoloader\Autoloader->loadClass('App\\Filters\\Aut...')
#4 /Users/milerdev/Desktop/ci_login/vendor/codeigniter4/framework/system/Filters/Filters.php(164): spl_autoload_call('App\\Filters\\Aut...')
#5 /Users/milerdev/Desktop/ci_login/vendor/codeigniter4/framework/system/CodeIgniter.php(382): CodeIgniter\Filters\Filters->run('dashboard', 'before')
#6 /Users/milerdev/Desktop/ci_login/vendor/codeigniter4/framework/system/CodeIgniter.php(312): CodeIgniter\CodeIgniter->handleRequest(NULL, Object(Config\Cache), false)
#7 /Users/milerdev/Desktop/ci_login/public/index.php(45): CodeIgniter\CodeIgniter->run()
#8 /Users/milerdev/Desktop/ci_login/vendor/codeigniter4/framework/system/Commands/Server/rewrite.php(34): require_once('/Users/milerdev...')
#9 {main}
CRITICAL - 2021-01-26 23:43:24 --> Interface 'CodeIgniter\HTTP\FilterInterface' not found
#0 /Users/milerdev/Desktop/ci_login/vendor/codeigniter4/framework/system/Autoloader/Autoloader.php(365): require_once()
#1 /Users/milerdev/Desktop/ci_login/vendor/codeigniter4/framework/system/Autoloader/Autoloader.php(296): CodeIgniter\Autoloader\Autoloader->requireFile('/Users/milerdev...')
#2 /Users/milerdev/Desktop/ci_login/vendor/codeigniter4/framework/system/Autoloader/Autoloader.php(258): CodeIgniter\Autoloader\Autoloader->loadInNamespace('App\\Filters\\Aut...')
#3 [internal function]: CodeIgniter\Autoloader\Autoloader->loadClass('App\\Filters\\Aut...')
#4 /Users/milerdev/Desktop/ci_login/vendor/codeigniter4/framework/system/Filters/Filters.php(164): spl_autoload_call('App\\Filters\\Aut...')
#5 /Users/milerdev/Desktop/ci_login/vendor/codeigniter4/framework/system/CodeIgniter.php(382): CodeIgniter\Filters\Filters->run('dashboard', 'before')
#6 /Users/milerdev/Desktop/ci_login/vendor/codeigniter4/framework/system/CodeIgniter.php(312): CodeIgniter\CodeIgniter->handleRequest(NULL, Object(Config\Cache), false)
#7 /Users/milerdev/Desktop/ci_login/public/index.php(45): CodeIgniter\CodeIgniter->run()
#8 /Users/milerdev/Desktop/ci_login/vendor/codeigniter4/framework/system/Commands/Server/rewrite.php(34): require_once('/Users/milerdev...')
#9 {main}
CRITICAL - 2021-01-26 23:43:49 --> Interface 'CodeIgniter\HTTP\FilterInterface' not found
#0 /Users/milerdev/Desktop/ci_login/vendor/codeigniter4/framework/system/Autoloader/Autoloader.php(365): require_once()
#1 /Users/milerdev/Desktop/ci_login/vendor/codeigniter4/framework/system/Autoloader/Autoloader.php(296): CodeIgniter\Autoloader\Autoloader->requireFile('/Users/milerdev...')
#2 /Users/milerdev/Desktop/ci_login/vendor/codeigniter4/framework/system/Autoloader/Autoloader.php(258): CodeIgniter\Autoloader\Autoloader->loadInNamespace('App\\Filters\\Aut...')
#3 [internal function]: CodeIgniter\Autoloader\Autoloader->loadClass('App\\Filters\\Aut...')
#4 /Users/milerdev/Desktop/ci_login/vendor/codeigniter4/framework/system/Filters/Filters.php(164): spl_autoload_call('App\\Filters\\Aut...')
#5 /Users/milerdev/Desktop/ci_login/vendor/codeigniter4/framework/system/CodeIgniter.php(382): CodeIgniter\Filters\Filters->run('dashboard', 'before')
#6 /Users/milerdev/Desktop/ci_login/vendor/codeigniter4/framework/system/CodeIgniter.php(312): CodeIgniter\CodeIgniter->handleRequest(NULL, Object(Config\Cache), false)
#7 /Users/milerdev/Desktop/ci_login/public/index.php(45): CodeIgniter\CodeIgniter->run()
#8 /Users/milerdev/Desktop/ci_login/vendor/codeigniter4/framework/system/Commands/Server/rewrite.php(34): require_once('/Users/milerdev...')
#9 {main}
CRITICAL - 2021-01-26 23:43:49 --> Interface 'CodeIgniter\HTTP\FilterInterface' not found
#0 /Users/milerdev/Desktop/ci_login/vendor/codeigniter4/framework/system/Autoloader/Autoloader.php(365): require_once()
#1 /Users/milerdev/Desktop/ci_login/vendor/codeigniter4/framework/system/Autoloader/Autoloader.php(296): CodeIgniter\Autoloader\Autoloader->requireFile('/Users/milerdev...')
#2 /Users/milerdev/Desktop/ci_login/vendor/codeigniter4/framework/system/Autoloader/Autoloader.php(258): CodeIgniter\Autoloader\Autoloader->loadInNamespace('App\\Filters\\Aut...')
#3 [internal function]: CodeIgniter\Autoloader\Autoloader->loadClass('App\\Filters\\Aut...')
#4 /Users/milerdev/Desktop/ci_login/vendor/codeigniter4/framework/system/Filters/Filters.php(164): spl_autoload_call('App\\Filters\\Aut...')
#5 /Users/milerdev/Desktop/ci_login/vendor/codeigniter4/framework/system/CodeIgniter.php(382): CodeIgniter\Filters\Filters->run('dashboard', 'before')
#6 /Users/milerdev/Desktop/ci_login/vendor/codeigniter4/framework/system/CodeIgniter.php(312): CodeIgniter\CodeIgniter->handleRequest(NULL, Object(Config\Cache), false)
#7 /Users/milerdev/Desktop/ci_login/public/index.php(45): CodeIgniter\CodeIgniter->run()
#8 /Users/milerdev/Desktop/ci_login/vendor/codeigniter4/framework/system/Commands/Server/rewrite.php(34): require_once('/Users/milerdev...')
#9 {main}
CRITICAL - 2021-01-26 23:44:08 --> Interface 'CodeIgniter\HTTP\FilterInterface' not found
#0 /Users/milerdev/Desktop/ci_login/vendor/codeigniter4/framework/system/Autoloader/Autoloader.php(365): require_once()
#1 /Users/milerdev/Desktop/ci_login/vendor/codeigniter4/framework/system/Autoloader/Autoloader.php(296): CodeIgniter\Autoloader\Autoloader->requireFile('/Users/milerdev...')
#2 /Users/milerdev/Desktop/ci_login/vendor/codeigniter4/framework/system/Autoloader/Autoloader.php(258): CodeIgniter\Autoloader\Autoloader->loadInNamespace('App\\Filters\\Aut...')
#3 [internal function]: CodeIgniter\Autoloader\Autoloader->loadClass('App\\Filters\\Aut...')
#4 /Users/milerdev/Desktop/ci_login/vendor/codeigniter4/framework/system/Filters/Filters.php(164): spl_autoload_call('App\\Filters\\Aut...')
#5 /Users/milerdev/Desktop/ci_login/vendor/codeigniter4/framework/system/CodeIgniter.php(382): CodeIgniter\Filters\Filters->run('dashboard', 'before')
#6 /Users/milerdev/Desktop/ci_login/vendor/codeigniter4/framework/system/CodeIgniter.php(312): CodeIgniter\CodeIgniter->handleRequest(NULL, Object(Config\Cache), false)
#7 /Users/milerdev/Desktop/ci_login/public/index.php(45): CodeIgniter\CodeIgniter->run()
#8 /Users/milerdev/Desktop/ci_login/vendor/codeigniter4/framework/system/Commands/Server/rewrite.php(34): require_once('/Users/milerdev...')
#9 {main}
CRITICAL - 2021-01-26 23:44:10 --> Interface 'CodeIgniter\HTTP\FilterInterface' not found
#0 /Users/milerdev/Desktop/ci_login/vendor/codeigniter4/framework/system/Autoloader/Autoloader.php(365): require_once()
#1 /Users/milerdev/Desktop/ci_login/vendor/codeigniter4/framework/system/Autoloader/Autoloader.php(296): CodeIgniter\Autoloader\Autoloader->requireFile('/Users/milerdev...')
#2 /Users/milerdev/Desktop/ci_login/vendor/codeigniter4/framework/system/Autoloader/Autoloader.php(258): CodeIgniter\Autoloader\Autoloader->loadInNamespace('App\\Filters\\Aut...')
#3 [internal function]: CodeIgniter\Autoloader\Autoloader->loadClass('App\\Filters\\Aut...')
#4 /Users/milerdev/Desktop/ci_login/vendor/codeigniter4/framework/system/Filters/Filters.php(164): spl_autoload_call('App\\Filters\\Aut...')
#5 /Users/milerdev/Desktop/ci_login/vendor/codeigniter4/framework/system/CodeIgniter.php(382): CodeIgniter\Filters\Filters->run('dashboard', 'before')
#6 /Users/milerdev/Desktop/ci_login/vendor/codeigniter4/framework/system/CodeIgniter.php(312): CodeIgniter\CodeIgniter->handleRequest(NULL, Object(Config\Cache), false)
#7 /Users/milerdev/Desktop/ci_login/public/index.php(45): CodeIgniter\CodeIgniter->run()
#8 /Users/milerdev/Desktop/ci_login/vendor/codeigniter4/framework/system/Commands/Server/rewrite.php(34): require_once('/Users/milerdev...')
#9 {main}
CRITICAL - 2021-01-26 23:44:10 --> Interface 'CodeIgniter\HTTP\FilterInterface' not found
#0 /Users/milerdev/Desktop/ci_login/vendor/codeigniter4/framework/system/Autoloader/Autoloader.php(365): require_once()
#1 /Users/milerdev/Desktop/ci_login/vendor/codeigniter4/framework/system/Autoloader/Autoloader.php(296): CodeIgniter\Autoloader\Autoloader->requireFile('/Users/milerdev...')
#2 /Users/milerdev/Desktop/ci_login/vendor/codeigniter4/framework/system/Autoloader/Autoloader.php(258): CodeIgniter\Autoloader\Autoloader->loadInNamespace('App\\Filters\\Aut...')
#3 [internal function]: CodeIgniter\Autoloader\Autoloader->loadClass('App\\Filters\\Aut...')
#4 /Users/milerdev/Desktop/ci_login/vendor/codeigniter4/framework/system/Filters/Filters.php(164): spl_autoload_call('App\\Filters\\Aut...')
#5 /Users/milerdev/Desktop/ci_login/vendor/codeigniter4/framework/system/CodeIgniter.php(382): CodeIgniter\Filters\Filters->run('dashboard', 'before')
#6 /Users/milerdev/Desktop/ci_login/vendor/codeigniter4/framework/system/CodeIgniter.php(312): CodeIgniter\CodeIgniter->handleRequest(NULL, Object(Config\Cache), false)
#7 /Users/milerdev/Desktop/ci_login/public/index.php(45): CodeIgniter\CodeIgniter->run()
#8 /Users/milerdev/Desktop/ci_login/vendor/codeigniter4/framework/system/Commands/Server/rewrite.php(34): require_once('/Users/milerdev...')
#9 {main}
CRITICAL - 2021-01-26 23:44:42 --> Interface 'CodeIgniter\HTTP\FilterInterface' not found
#0 /Users/milerdev/Desktop/ci_login/vendor/codeigniter4/framework/system/Autoloader/Autoloader.php(365): require_once()
#1 /Users/milerdev/Desktop/ci_login/vendor/codeigniter4/framework/system/Autoloader/Autoloader.php(296): CodeIgniter\Autoloader\Autoloader->requireFile('/Users/milerdev...')
#2 /Users/milerdev/Desktop/ci_login/vendor/codeigniter4/framework/system/Autoloader/Autoloader.php(258): CodeIgniter\Autoloader\Autoloader->loadInNamespace('App\\Filters\\Aut...')
#3 [internal function]: CodeIgniter\Autoloader\Autoloader->loadClass('App\\Filters\\Aut...')
#4 /Users/milerdev/Desktop/ci_login/vendor/codeigniter4/framework/system/Filters/Filters.php(164): spl_autoload_call('App\\Filters\\Aut...')
#5 /Users/milerdev/Desktop/ci_login/vendor/codeigniter4/framework/system/CodeIgniter.php(382): CodeIgniter\Filters\Filters->run('dashboard', 'before')
#6 /Users/milerdev/Desktop/ci_login/vendor/codeigniter4/framework/system/CodeIgniter.php(312): CodeIgniter\CodeIgniter->handleRequest(NULL, Object(Config\Cache), false)
#7 /Users/milerdev/Desktop/ci_login/public/index.php(45): CodeIgniter\CodeIgniter->run()
#8 /Users/milerdev/Desktop/ci_login/vendor/codeigniter4/framework/system/Commands/Server/rewrite.php(34): require_once('/Users/milerdev...')
#9 {main}
CRITICAL - 2021-01-26 23:47:31 --> Interface 'CodeIgniter\HTTP\FilterInterface' not found
#0 /Users/milerdev/Desktop/ci_login/vendor/codeigniter4/framework/system/Autoloader/Autoloader.php(365): require_once()
#1 /Users/milerdev/Desktop/ci_login/vendor/codeigniter4/framework/system/Autoloader/Autoloader.php(296): CodeIgniter\Autoloader\Autoloader->requireFile('/Users/milerdev...')
#2 /Users/milerdev/Desktop/ci_login/vendor/codeigniter4/framework/system/Autoloader/Autoloader.php(258): CodeIgniter\Autoloader\Autoloader->loadInNamespace('App\\Filters\\Aut...')
#3 [internal function]: CodeIgniter\Autoloader\Autoloader->loadClass('App\\Filters\\Aut...')
#4 /Users/milerdev/Desktop/ci_login/vendor/codeigniter4/framework/system/Filters/Filters.php(164): spl_autoload_call('App\\Filters\\Aut...')
#5 /Users/milerdev/Desktop/ci_login/vendor/codeigniter4/framework/system/CodeIgniter.php(382): CodeIgniter\Filters\Filters->run('dashboard', 'before')
#6 /Users/milerdev/Desktop/ci_login/vendor/codeigniter4/framework/system/CodeIgniter.php(312): CodeIgniter\CodeIgniter->handleRequest(NULL, Object(Config\Cache), false)
#7 /Users/milerdev/Desktop/ci_login/public/index.php(45): CodeIgniter\CodeIgniter->run()
#8 /Users/milerdev/Desktop/ci_login/vendor/codeigniter4/framework/system/Commands/Server/rewrite.php(34): require_once('/Users/milerdev...')
#9 {main}
CRITICAL - 2021-01-26 23:47:32 --> Interface 'CodeIgniter\HTTP\FilterInterface' not found
#0 /Users/milerdev/Desktop/ci_login/vendor/codeigniter4/framework/system/Autoloader/Autoloader.php(365): require_once()
#1 /Users/milerdev/Desktop/ci_login/vendor/codeigniter4/framework/system/Autoloader/Autoloader.php(296): CodeIgniter\Autoloader\Autoloader->requireFile('/Users/milerdev...')
#2 /Users/milerdev/Desktop/ci_login/vendor/codeigniter4/framework/system/Autoloader/Autoloader.php(258): CodeIgniter\Autoloader\Autoloader->loadInNamespace('App\\Filters\\Aut...')
#3 [internal function]: CodeIgniter\Autoloader\Autoloader->loadClass('App\\Filters\\Aut...')
#4 /Users/milerdev/Desktop/ci_login/vendor/codeigniter4/framework/system/Filters/Filters.php(164): spl_autoload_call('App\\Filters\\Aut...')
#5 /Users/milerdev/Desktop/ci_login/vendor/codeigniter4/framework/system/CodeIgniter.php(382): CodeIgniter\Filters\Filters->run('dashboard', 'before')
#6 /Users/milerdev/Desktop/ci_login/vendor/codeigniter4/framework/system/CodeIgniter.php(312): CodeIgniter\CodeIgniter->handleRequest(NULL, Object(Config\Cache), false)
#7 /Users/milerdev/Desktop/ci_login/public/index.php(45): CodeIgniter\CodeIgniter->run()
#8 /Users/milerdev/Desktop/ci_login/vendor/codeigniter4/framework/system/Commands/Server/rewrite.php(34): require_once('/Users/milerdev...')
#9 {main}
CRITICAL - 2021-01-26 23:47:32 --> Interface 'CodeIgniter\HTTP\FilterInterface' not found
#0 /Users/milerdev/Desktop/ci_login/vendor/codeigniter4/framework/system/Autoloader/Autoloader.php(365): require_once()
#1 /Users/milerdev/Desktop/ci_login/vendor/codeigniter4/framework/system/Autoloader/Autoloader.php(296): CodeIgniter\Autoloader\Autoloader->requireFile('/Users/milerdev...')
#2 /Users/milerdev/Desktop/ci_login/vendor/codeigniter4/framework/system/Autoloader/Autoloader.php(258): CodeIgniter\Autoloader\Autoloader->loadInNamespace('App\\Filters\\Aut...')
#3 [internal function]: CodeIgniter\Autoloader\Autoloader->loadClass('App\\Filters\\Aut...')
#4 /Users/milerdev/Desktop/ci_login/vendor/codeigniter4/framework/system/Filters/Filters.php(164): spl_autoload_call('App\\Filters\\Aut...')
#5 /Users/milerdev/Desktop/ci_login/vendor/codeigniter4/framework/system/CodeIgniter.php(382): CodeIgniter\Filters\Filters->run('dashboard', 'before')
#6 /Users/milerdev/Desktop/ci_login/vendor/codeigniter4/framework/system/CodeIgniter.php(312): CodeIgniter\CodeIgniter->handleRequest(NULL, Object(Config\Cache), false)
#7 /Users/milerdev/Desktop/ci_login/public/index.php(45): CodeIgniter\CodeIgniter->run()
#8 /Users/milerdev/Desktop/ci_login/vendor/codeigniter4/framework/system/Commands/Server/rewrite.php(34): require_once('/Users/milerdev...')
#9 {main}
CRITICAL - 2021-01-26 23:47:32 --> Interface 'CodeIgniter\HTTP\FilterInterface' not found
#0 /Users/milerdev/Desktop/ci_login/vendor/codeigniter4/framework/system/Autoloader/Autoloader.php(365): require_once()
#1 /Users/milerdev/Desktop/ci_login/vendor/codeigniter4/framework/system/Autoloader/Autoloader.php(296): CodeIgniter\Autoloader\Autoloader->requireFile('/Users/milerdev...')
#2 /Users/milerdev/Desktop/ci_login/vendor/codeigniter4/framework/system/Autoloader/Autoloader.php(258): CodeIgniter\Autoloader\Autoloader->loadInNamespace('App\\Filters\\Aut...')
#3 [internal function]: CodeIgniter\Autoloader\Autoloader->loadClass('App\\Filters\\Aut...')
#4 /Users/milerdev/Desktop/ci_login/vendor/codeigniter4/framework/system/Filters/Filters.php(164): spl_autoload_call('App\\Filters\\Aut...')
#5 /Users/milerdev/Desktop/ci_login/vendor/codeigniter4/framework/system/CodeIgniter.php(382): CodeIgniter\Filters\Filters->run('dashboard', 'before')
#6 /Users/milerdev/Desktop/ci_login/vendor/codeigniter4/framework/system/CodeIgniter.php(312): CodeIgniter\CodeIgniter->handleRequest(NULL, Object(Config\Cache), false)
#7 /Users/milerdev/Desktop/ci_login/public/index.php(45): CodeIgniter\CodeIgniter->run()
#8 /Users/milerdev/Desktop/ci_login/vendor/codeigniter4/framework/system/Commands/Server/rewrite.php(34): require_once('/Users/milerdev...')
#9 {main}
CRITICAL - 2021-01-26 23:47:34 --> Interface 'CodeIgniter\HTTP\FilterInterface' not found
#0 /Users/milerdev/Desktop/ci_login/vendor/codeigniter4/framework/system/Autoloader/Autoloader.php(365): require_once()
#1 /Users/milerdev/Desktop/ci_login/vendor/codeigniter4/framework/system/Autoloader/Autoloader.php(296): CodeIgniter\Autoloader\Autoloader->requireFile('/Users/milerdev...')
#2 /Users/milerdev/Desktop/ci_login/vendor/codeigniter4/framework/system/Autoloader/Autoloader.php(258): CodeIgniter\Autoloader\Autoloader->loadInNamespace('App\\Filters\\Aut...')
#3 [internal function]: CodeIgniter\Autoloader\Autoloader->loadClass('App\\Filters\\Aut...')
#4 /Users/milerdev/Desktop/ci_login/vendor/codeigniter4/framework/system/Filters/Filters.php(164): spl_autoload_call('App\\Filters\\Aut...')
#5 /Users/milerdev/Desktop/ci_login/vendor/codeigniter4/framework/system/CodeIgniter.php(382): CodeIgniter\Filters\Filters->run('dashboard', 'before')
#6 /Users/milerdev/Desktop/ci_login/vendor/codeigniter4/framework/system/CodeIgniter.php(312): CodeIgniter\CodeIgniter->handleRequest(NULL, Object(Config\Cache), false)
#7 /Users/milerdev/Desktop/ci_login/public/index.php(45): CodeIgniter\CodeIgniter->run()
#8 /Users/milerdev/Desktop/ci_login/vendor/codeigniter4/framework/system/Commands/Server/rewrite.php(34): require_once('/Users/milerdev...')
#9 {main}
CRITICAL - 2021-01-26 23:47:47 --> Interface 'CodeIgniter\HTTP\FilterInterface' not found
#0 /Users/milerdev/Desktop/ci_login/vendor/codeigniter4/framework/system/Autoloader/Autoloader.php(365): require_once()
#1 /Users/milerdev/Desktop/ci_login/vendor/codeigniter4/framework/system/Autoloader/Autoloader.php(296): CodeIgniter\Autoloader\Autoloader->requireFile('/Users/milerdev...')
#2 /Users/milerdev/Desktop/ci_login/vendor/codeigniter4/framework/system/Autoloader/Autoloader.php(258): CodeIgniter\Autoloader\Autoloader->loadInNamespace('App\\Filters\\Aut...')
#3 [internal function]: CodeIgniter\Autoloader\Autoloader->loadClass('App\\Filters\\Aut...')
#4 /Users/milerdev/Desktop/ci_login/vendor/codeigniter4/framework/system/Filters/Filters.php(164): spl_autoload_call('App\\Filters\\Aut...')
#5 /Users/milerdev/Desktop/ci_login/vendor/codeigniter4/framework/system/CodeIgniter.php(382): CodeIgniter\Filters\Filters->run('dashboard', 'before')
#6 /Users/milerdev/Desktop/ci_login/vendor/codeigniter4/framework/system/CodeIgniter.php(312): CodeIgniter\CodeIgniter->handleRequest(NULL, Object(Config\Cache), false)
#7 /Users/milerdev/Desktop/ci_login/public/index.php(45): CodeIgniter\CodeIgniter->run()
#8 /Users/milerdev/Desktop/ci_login/vendor/codeigniter4/framework/system/Commands/Server/rewrite.php(34): require_once('/Users/milerdev...')
#9 {main}
CRITICAL - 2021-01-26 23:47:47 --> Interface 'CodeIgniter\HTTP\FilterInterface' not found
#0 /Users/milerdev/Desktop/ci_login/vendor/codeigniter4/framework/system/Autoloader/Autoloader.php(365): require_once()
#1 /Users/milerdev/Desktop/ci_login/vendor/codeigniter4/framework/system/Autoloader/Autoloader.php(296): CodeIgniter\Autoloader\Autoloader->requireFile('/Users/milerdev...')
#2 /Users/milerdev/Desktop/ci_login/vendor/codeigniter4/framework/system/Autoloader/Autoloader.php(258): CodeIgniter\Autoloader\Autoloader->loadInNamespace('App\\Filters\\Aut...')
#3 [internal function]: CodeIgniter\Autoloader\Autoloader->loadClass('App\\Filters\\Aut...')
#4 /Users/milerdev/Desktop/ci_login/vendor/codeigniter4/framework/system/Filters/Filters.php(164): spl_autoload_call('App\\Filters\\Aut...')
#5 /Users/milerdev/Desktop/ci_login/vendor/codeigniter4/framework/system/CodeIgniter.php(382): CodeIgniter\Filters\Filters->run('dashboard', 'before')
#6 /Users/milerdev/Desktop/ci_login/vendor/codeigniter4/framework/system/CodeIgniter.php(312): CodeIgniter\CodeIgniter->handleRequest(NULL, Object(Config\Cache), false)
#7 /Users/milerdev/Desktop/ci_login/public/index.php(45): CodeIgniter\CodeIgniter->run()
#8 /Users/milerdev/Desktop/ci_login/vendor/codeigniter4/framework/system/Commands/Server/rewrite.php(34): require_once('/Users/milerdev...')
#9 {main}
CRITICAL - 2021-01-26 23:47:48 --> Interface 'CodeIgniter\HTTP\FilterInterface' not found
#0 /Users/milerdev/Desktop/ci_login/vendor/codeigniter4/framework/system/Autoloader/Autoloader.php(365): require_once()
#1 /Users/milerdev/Desktop/ci_login/vendor/codeigniter4/framework/system/Autoloader/Autoloader.php(296): CodeIgniter\Autoloader\Autoloader->requireFile('/Users/milerdev...')
#2 /Users/milerdev/Desktop/ci_login/vendor/codeigniter4/framework/system/Autoloader/Autoloader.php(258): CodeIgniter\Autoloader\Autoloader->loadInNamespace('App\\Filters\\Aut...')
#3 [internal function]: CodeIgniter\Autoloader\Autoloader->loadClass('App\\Filters\\Aut...')
#4 /Users/milerdev/Desktop/ci_login/vendor/codeigniter4/framework/system/Filters/Filters.php(164): spl_autoload_call('App\\Filters\\Aut...')
#5 /Users/milerdev/Desktop/ci_login/vendor/codeigniter4/framework/system/CodeIgniter.php(382): CodeIgniter\Filters\Filters->run('dashboard', 'before')
#6 /Users/milerdev/Desktop/ci_login/vendor/codeigniter4/framework/system/CodeIgniter.php(312): CodeIgniter\CodeIgniter->handleRequest(NULL, Object(Config\Cache), false)
#7 /Users/milerdev/Desktop/ci_login/public/index.php(45): CodeIgniter\CodeIgniter->run()
#8 /Users/milerdev/Desktop/ci_login/vendor/codeigniter4/framework/system/Commands/Server/rewrite.php(34): require_once('/Users/milerdev...')
#9 {main}
CRITICAL - 2021-01-26 23:47:48 --> Interface 'CodeIgniter\HTTP\FilterInterface' not found
#0 /Users/milerdev/Desktop/ci_login/vendor/codeigniter4/framework/system/Autoloader/Autoloader.php(365): require_once()
#1 /Users/milerdev/Desktop/ci_login/vendor/codeigniter4/framework/system/Autoloader/Autoloader.php(296): CodeIgniter\Autoloader\Autoloader->requireFile('/Users/milerdev...')
#2 /Users/milerdev/Desktop/ci_login/vendor/codeigniter4/framework/system/Autoloader/Autoloader.php(258): CodeIgniter\Autoloader\Autoloader->loadInNamespace('App\\Filters\\Aut...')
#3 [internal function]: CodeIgniter\Autoloader\Autoloader->loadClass('App\\Filters\\Aut...')
#4 /Users/milerdev/Desktop/ci_login/vendor/codeigniter4/framework/system/Filters/Filters.php(164): spl_autoload_call('App\\Filters\\Aut...')
#5 /Users/milerdev/Desktop/ci_login/vendor/codeigniter4/framework/system/CodeIgniter.php(382): CodeIgniter\Filters\Filters->run('dashboard', 'before')
#6 /Users/milerdev/Desktop/ci_login/vendor/codeigniter4/framework/system/CodeIgniter.php(312): CodeIgniter\CodeIgniter->handleRequest(NULL, Object(Config\Cache), false)
#7 /Users/milerdev/Desktop/ci_login/public/index.php(45): CodeIgniter\CodeIgniter->run()
#8 /Users/milerdev/Desktop/ci_login/vendor/codeigniter4/framework/system/Commands/Server/rewrite.php(34): require_once('/Users/milerdev...')
#9 {main}
CRITICAL - 2021-01-26 23:47:48 --> Interface 'CodeIgniter\HTTP\FilterInterface' not found
#0 /Users/milerdev/Desktop/ci_login/vendor/codeigniter4/framework/system/Autoloader/Autoloader.php(365): require_once()
#1 /Users/milerdev/Desktop/ci_login/vendor/codeigniter4/framework/system/Autoloader/Autoloader.php(296): CodeIgniter\Autoloader\Autoloader->requireFile('/Users/milerdev...')
#2 /Users/milerdev/Desktop/ci_login/vendor/codeigniter4/framework/system/Autoloader/Autoloader.php(258): CodeIgniter\Autoloader\Autoloader->loadInNamespace('App\\Filters\\Aut...')
#3 [internal function]: CodeIgniter\Autoloader\Autoloader->loadClass('App\\Filters\\Aut...')
#4 /Users/milerdev/Desktop/ci_login/vendor/codeigniter4/framework/system/Filters/Filters.php(164): spl_autoload_call('App\\Filters\\Aut...')
#5 /Users/milerdev/Desktop/ci_login/vendor/codeigniter4/framework/system/CodeIgniter.php(382): CodeIgniter\Filters\Filters->run('dashboard', 'before')
#6 /Users/milerdev/Desktop/ci_login/vendor/codeigniter4/framework/system/CodeIgniter.php(312): CodeIgniter\CodeIgniter->handleRequest(NULL, Object(Config\Cache), false)
#7 /Users/milerdev/Desktop/ci_login/public/index.php(45): CodeIgniter\CodeIgniter->run()
#8 /Users/milerdev/Desktop/ci_login/vendor/codeigniter4/framework/system/Commands/Server/rewrite.php(34): require_once('/Users/milerdev...')
#9 {main}
CRITICAL - 2021-01-26 23:47:48 --> Interface 'CodeIgniter\HTTP\FilterInterface' not found
#0 /Users/milerdev/Desktop/ci_login/vendor/codeigniter4/framework/system/Autoloader/Autoloader.php(365): require_once()
#1 /Users/milerdev/Desktop/ci_login/vendor/codeigniter4/framework/system/Autoloader/Autoloader.php(296): CodeIgniter\Autoloader\Autoloader->requireFile('/Users/milerdev...')
#2 /Users/milerdev/Desktop/ci_login/vendor/codeigniter4/framework/system/Autoloader/Autoloader.php(258): CodeIgniter\Autoloader\Autoloader->loadInNamespace('App\\Filters\\Aut...')
#3 [internal function]: CodeIgniter\Autoloader\Autoloader->loadClass('App\\Filters\\Aut...')
#4 /Users/milerdev/Desktop/ci_login/vendor/codeigniter4/framework/system/Filters/Filters.php(164): spl_autoload_call('App\\Filters\\Aut...')
#5 /Users/milerdev/Desktop/ci_login/vendor/codeigniter4/framework/system/CodeIgniter.php(382): CodeIgniter\Filters\Filters->run('dashboard', 'before')
#6 /Users/milerdev/Desktop/ci_login/vendor/codeigniter4/framework/system/CodeIgniter.php(312): CodeIgniter\CodeIgniter->handleRequest(NULL, Object(Config\Cache), false)
#7 /Users/milerdev/Desktop/ci_login/public/index.php(45): CodeIgniter\CodeIgniter->run()
#8 /Users/milerdev/Desktop/ci_login/vendor/codeigniter4/framework/system/Commands/Server/rewrite.php(34): require_once('/Users/milerdev...')
#9 {main}
CRITICAL - 2021-01-26 23:47:49 --> Interface 'CodeIgniter\HTTP\FilterInterface' not found
#0 /Users/milerdev/Desktop/ci_login/vendor/codeigniter4/framework/system/Autoloader/Autoloader.php(365): require_once()
#1 /Users/milerdev/Desktop/ci_login/vendor/codeigniter4/framework/system/Autoloader/Autoloader.php(296): CodeIgniter\Autoloader\Autoloader->requireFile('/Users/milerdev...')
#2 /Users/milerdev/Desktop/ci_login/vendor/codeigniter4/framework/system/Autoloader/Autoloader.php(258): CodeIgniter\Autoloader\Autoloader->loadInNamespace('App\\Filters\\Aut...')
#3 [internal function]: CodeIgniter\Autoloader\Autoloader->loadClass('App\\Filters\\Aut...')
#4 /Users/milerdev/Desktop/ci_login/vendor/codeigniter4/framework/system/Filters/Filters.php(164): spl_autoload_call('App\\Filters\\Aut...')
#5 /Users/milerdev/Desktop/ci_login/vendor/codeigniter4/framework/system/CodeIgniter.php(382): CodeIgniter\Filters\Filters->run('dashboard', 'before')
#6 /Users/milerdev/Desktop/ci_login/vendor/codeigniter4/framework/system/CodeIgniter.php(312): CodeIgniter\CodeIgniter->handleRequest(NULL, Object(Config\Cache), false)
#7 /Users/milerdev/Desktop/ci_login/public/index.php(45): CodeIgniter\CodeIgniter->run()
#8 /Users/milerdev/Desktop/ci_login/vendor/codeigniter4/framework/system/Commands/Server/rewrite.php(34): require_once('/Users/milerdev...')
#9 {main}
CRITICAL - 2021-01-26 23:47:59 --> Interface 'CodeIgniter\HTTP\FilterInterface' not found
#0 /Users/milerdev/Desktop/ci_login/vendor/codeigniter4/framework/system/Autoloader/Autoloader.php(365): require_once()
#1 /Users/milerdev/Desktop/ci_login/vendor/codeigniter4/framework/system/Autoloader/Autoloader.php(296): CodeIgniter\Autoloader\Autoloader->requireFile('/Users/milerdev...')
#2 /Users/milerdev/Desktop/ci_login/vendor/codeigniter4/framework/system/Autoloader/Autoloader.php(258): CodeIgniter\Autoloader\Autoloader->loadInNamespace('App\\Filters\\Aut...')
#3 [internal function]: CodeIgniter\Autoloader\Autoloader->loadClass('App\\Filters\\Aut...')
#4 /Users/milerdev/Desktop/ci_login/vendor/codeigniter4/framework/system/Filters/Filters.php(164): spl_autoload_call('App\\Filters\\Aut...')
#5 /Users/milerdev/Desktop/ci_login/vendor/codeigniter4/framework/system/CodeIgniter.php(382): CodeIgniter\Filters\Filters->run('dashboard', 'before')
#6 /Users/milerdev/Desktop/ci_login/vendor/codeigniter4/framework/system/CodeIgniter.php(312): CodeIgniter\CodeIgniter->handleRequest(NULL, Object(Config\Cache), false)
#7 /Users/milerdev/Desktop/ci_login/public/index.php(45): CodeIgniter\CodeIgniter->run()
#8 /Users/milerdev/Desktop/ci_login/vendor/codeigniter4/framework/system/Commands/Server/rewrite.php(34): require_once('/Users/milerdev...')
#9 {main}
